<?xml version="1.0" encoding="UTF-8"?>
<testng-results ignored="0" total="2" passed="2" failed="0" skipped="0">
  <reporter-output>
  </reporter-output>
  <suite started-at="2021-11-27T10:31:31 IST" name="Default suite" finished-at="2021-11-27T10:31:44 IST" duration-ms="12767">
    <groups>
    </groups>
    <test started-at="2021-11-27T10:31:31 IST" name="Default test" finished-at="2021-11-27T10:31:44 IST" duration-ms="12767">
      <class name="seleniumpack.testNGClass">
        <test-method is-config="true" signature="newMethod1()[pri:0, instance:seleniumpack.testNGClass@441772e]" started-at="2021-11-27T10:31:31 IST" name="newMethod1" finished-at="2021-11-27T10:31:44 IST" duration-ms="12627" status="PASS">
          <reporter-output>
          </reporter-output>
        </test-method> <!-- newMethod1 -->
        <test-method signature="methodOne()[pri:1, instance:seleniumpack.testNGClass@441772e]" started-at="2021-11-27T10:31:44 IST" name="methodOne" finished-at="2021-11-27T10:31:44 IST" duration-ms="9" status="PASS">
          <reporter-output>
          </reporter-output>
        </test-method> <!-- methodOne -->
        <test-method signature="newMethod()[pri:2, instance:seleniumpack.testNGClass@441772e]" started-at="2021-11-27T10:31:44 IST" name="newMethod" finished-at="2021-11-27T10:31:44 IST" duration-ms="2" status="PASS">
          <reporter-output>
          </reporter-output>
        </test-method> <!-- newMethod -->
        <test-method is-config="true" signature="methodTwo()[pri:0, instance:seleniumpack.testNGClass@441772e]" started-at="2021-11-27T10:31:44 IST" name="methodTwo" finished-at="2021-11-27T10:31:44 IST" duration-ms="1" status="PASS">
          <reporter-output>
          </reporter-output>
        </test-method> <!-- methodTwo -->
      </class> <!-- seleniumpack.testNGClass -->
    </test> <!-- Default test -->
  </suite> <!-- Default suite -->
</testng-results>
